<?xml version="1.0" encoding="UTF-8"?>
<testsuite name="org.retailmanager.init.BaseTestController" tests="1" skipped="0" failures="0" errors="0" timestamp="2016-09-05T09:01:38" hostname="L-MAA-00438839" time="0.0">
  <properties/>
  <testcase name="contextLoads" classname="org.retailmanager.init.BaseTestController" time="0.0"/>
  <system-out><![CDATA[14:31:35.730 [Test worker] DEBUG org.springframework.test.context.junit4.SpringJUnit4ClassRunner - SpringJUnit4ClassRunner constructor called with [class org.retailmanager.init.BaseTestController]
14:31:35.740 [Test worker] DEBUG org.springframework.test.context.BootstrapUtils - Instantiating CacheAwareContextLoaderDelegate from class [org.springframework.test.context.cache.DefaultCacheAwareContextLoaderDelegate]
14:31:35.741 [Test worker] DEBUG org.springframework.test.context.BootstrapUtils - Instantiating BootstrapContext using constructor [public org.springframework.test.context.support.DefaultBootstrapContext(java.lang.Class,org.springframework.test.context.CacheAwareContextLoaderDelegate)]
14:31:35.744 [Test worker] DEBUG org.springframework.test.context.BootstrapUtils - Instantiating TestContextBootstrapper for test class [org.retailmanager.init.BaseTestController] from class [org.springframework.test.context.web.WebTestContextBootstrapper]
14:31:35.768 [Test worker] DEBUG org.springframework.test.context.web.WebTestContextBootstrapper - Found explicit ContextLoader class [org.springframework.boot.test.SpringApplicationContextLoader] for context configuration attributes [ContextConfigurationAttributes@651186ad declaringClass = 'org.retailmanager.init.BaseTest', classes = '{class org.retailmanager.init.Application}', locations = '{}', inheritLocations = true, initializers = '{}', inheritInitializers = true, name = [null], contextLoaderClass = 'org.springframework.boot.test.SpringApplicationContextLoader']
14:31:35.775 [Test worker] DEBUG org.springframework.test.context.support.AbstractContextLoader - Did not detect default resource location for test class [org.retailmanager.init.BaseTest]: class path resource [org/retailmanager/init/BaseTest-context.xml] does not exist
14:31:35.775 [Test worker] DEBUG org.springframework.test.context.support.AbstractContextLoader - Did not detect default resource location for test class [org.retailmanager.init.BaseTest]: class path resource [org/retailmanager/init/BaseTestContext.groovy] does not exist
14:31:35.775 [Test worker] INFO org.springframework.test.context.support.AbstractContextLoader - Could not detect default resource locations for test class [org.retailmanager.init.BaseTest]: no resource found for suffixes {-context.xml, Context.groovy}.
14:31:35.777 [Test worker] DEBUG org.springframework.test.context.support.ActiveProfilesUtils - Could not find an 'annotation declaring class' for annotation type [org.springframework.test.context.ActiveProfiles] and class [org.retailmanager.init.BaseTestController]
14:31:35.780 [Test worker] DEBUG org.springframework.test.context.web.WebTestContextBootstrapper - @TestExecutionListeners is not present for class [org.retailmanager.init.BaseTestController]: using defaults.
14:31:35.786 [Test worker] INFO org.springframework.test.context.web.WebTestContextBootstrapper - Loaded default TestExecutionListener class names from location [META-INF/spring.factories]: [org.springframework.test.context.web.ServletTestExecutionListener, org.springframework.test.context.support.DirtiesContextBeforeModesTestExecutionListener, org.springframework.test.context.support.DependencyInjectionTestExecutionListener, org.springframework.test.context.support.DirtiesContextTestExecutionListener, org.springframework.test.context.transaction.TransactionalTestExecutionListener, org.springframework.test.context.jdbc.SqlScriptsTestExecutionListener]
14:31:35.791 [Test worker] INFO org.springframework.test.context.web.WebTestContextBootstrapper - Could not instantiate TestExecutionListener [org.springframework.test.context.transaction.TransactionalTestExecutionListener]. Specify custom listener classes or make the default listener classes (and their required dependencies) available. Offending class: [org/springframework/transaction/interceptor/TransactionAttributeSource]
14:31:35.799 [Test worker] INFO org.springframework.test.context.web.WebTestContextBootstrapper - Could not instantiate TestExecutionListener [org.springframework.test.context.jdbc.SqlScriptsTestExecutionListener]. Specify custom listener classes or make the default listener classes (and their required dependencies) available. Offending class: [org/springframework/transaction/interceptor/TransactionAttribute]
14:31:35.801 [Test worker] INFO org.springframework.test.context.web.WebTestContextBootstrapper - Using TestExecutionListeners: [org.springframework.test.context.web.ServletTestExecutionListener@3ddfb0fd, org.springframework.test.context.support.DirtiesContextBeforeModesTestExecutionListener@7c8c537a, org.springframework.test.context.support.DependencyInjectionTestExecutionListener@75cf4f5c, org.springframework.test.context.support.DirtiesContextTestExecutionListener@403df379]
14:31:35.806 [Test worker] DEBUG org.springframework.test.annotation.ProfileValueUtils - Retrieved @ProfileValueSourceConfiguration [null] for test class [org.retailmanager.init.BaseTestController]
14:31:35.807 [Test worker] DEBUG org.springframework.test.annotation.ProfileValueUtils - Retrieved ProfileValueSource type [class org.springframework.test.annotation.SystemProfileValueSource] for class [org.retailmanager.init.BaseTestController]
14:31:35.808 [Test worker] DEBUG org.springframework.test.annotation.ProfileValueUtils - Retrieved @ProfileValueSourceConfiguration [null] for test class [org.retailmanager.init.BaseTestController]
14:31:35.808 [Test worker] DEBUG org.springframework.test.annotation.ProfileValueUtils - Retrieved ProfileValueSource type [class org.springframework.test.annotation.SystemProfileValueSource] for class [org.retailmanager.init.BaseTestController]
14:31:35.812 [Test worker] DEBUG org.springframework.test.context.support.AbstractDirtiesContextTestExecutionListener - Before test class: context [DefaultTestContext@4ee7c14c testClass = BaseTestController, testInstance = [null], testMethod = [null], testException = [null], mergedContextConfiguration = [WebMergedContextConfiguration@2156b49 testClass = BaseTestController, locations = '{}', classes = '{class org.retailmanager.init.Application}', contextInitializerClasses = '[]', activeProfiles = '{}', propertySourceLocations = '{}', propertySourceProperties = '{}', resourceBasePath = 'src/main/webapp', contextLoader = 'org.springframework.boot.test.SpringApplicationContextLoader', parent = [null]]], class annotated with @DirtiesContext [false] with mode [null].
14:31:35.813 [Test worker] DEBUG org.springframework.test.annotation.ProfileValueUtils - Retrieved @ProfileValueSourceConfiguration [null] for test class [org.retailmanager.init.BaseTestController]
14:31:35.813 [Test worker] DEBUG org.springframework.test.annotation.ProfileValueUtils - Retrieved ProfileValueSource type [class org.springframework.test.annotation.SystemProfileValueSource] for class [org.retailmanager.init.BaseTestController]
14:31:35.911 [Test worker] DEBUG org.springframework.core.env.StandardEnvironment - Adding [systemProperties] PropertySource with lowest search precedence
14:31:35.911 [Test worker] DEBUG org.springframework.core.env.StandardEnvironment - Adding [systemEnvironment] PropertySource with lowest search precedence
14:31:35.911 [Test worker] DEBUG org.springframework.core.env.StandardEnvironment - Initialized StandardEnvironment with PropertySources [systemProperties,systemEnvironment]
14:31:35.911 [Test worker] DEBUG org.springframework.core.env.StandardEnvironment - Adding [integrationTest] PropertySource with search precedence immediately lower than [systemEnvironment]

  .   ____          _            __ _ _
 /\\ / ___'_ __ _ _(_)_ __  __ _ \ \ \ \
( ( )\___ | '_ | '_| | '_ \/ _` | \ \ \ \
 \\/  ___)| |_)| | | | | || (_| |  ) ) ) )
  '  |____| .__|_| |_|_| |_\__, | / / / /
 =========|_|==============|___/=/_/_/_/
 :: Spring Boot ::        (v1.3.5.RELEASE)

2016-09-05 14:31:36.226  INFO 10912 --- [    Test worker] o.retailmanager.init.BaseTestController  : Starting BaseTestController on L-MAA-00438839 with PID 10912 (C:\Viru\Personal\gittest\retailmanager\build\classes\test started by vpratap in C:\Viru\Personal\gittest\retailmanager)
2016-09-05 14:31:36.227  INFO 10912 --- [    Test worker] o.retailmanager.init.BaseTestController  : No active profile set, falling back to default profiles: default
2016-09-05 14:31:36.331  INFO 10912 --- [    Test worker] o.s.w.c.s.GenericWebApplicationContext   : Refreshing org.springframework.web.context.support.GenericWebApplicationContext@39f653bd: startup date [Mon Sep 05 14:31:36 IST 2016]; root of context hierarchy
2016-09-05 14:31:37.765  INFO 10912 --- [    Test worker] o.r.api.RetailsManagerController         : google key returning :null
2016-09-05 14:31:37.765  INFO 10912 --- [    Test worker] o.r.api.RetailsManagerController         : google key from properties :AIzaSyC-64Ak-bFu7EzcvOvX584RojVP1E6fbSM
2016-09-05 14:31:38.485  INFO 10912 --- [    Test worker] s.w.s.m.m.a.RequestMappingHandlerAdapter : Looking for @ControllerAdvice: org.springframework.web.context.support.GenericWebApplicationContext@39f653bd: startup date [Mon Sep 05 14:31:36 IST 2016]; root of context hierarchy
2016-09-05 14:31:38.585  INFO 10912 --- [    Test worker] s.w.s.m.m.a.RequestMappingHandlerMapping : Mapped "{[/api/shops],methods=[GET],produces=[application/json]}" onto public org.springframework.http.ResponseEntity<java.util.Collection<org.retailmanager.api.response.ShopsResponse>> org.retailmanager.api.RetailsManagerController.getShops(java.lang.Float,java.lang.Float)
2016-09-05 14:31:38.585  INFO 10912 --- [    Test worker] s.w.s.m.m.a.RequestMappingHandlerMapping : Mapped "{[/api/shops],methods=[POST],consumes=[application/json],produces=[application/json]}" onto public org.springframework.http.ResponseEntity<org.retailmanager.api.response.ShopsResponse> org.retailmanager.api.RetailsManagerController.addShop(org.retailmanager.api.request.ShopRequest)
2016-09-05 14:31:38.585  INFO 10912 --- [    Test worker] s.w.s.m.m.a.RequestMappingHandlerMapping : Mapped "{[/error]}" onto public org.springframework.http.ResponseEntity<java.util.Map<java.lang.String, java.lang.Object>> org.springframework.boot.autoconfigure.web.BasicErrorController.error(javax.servlet.http.HttpServletRequest)
2016-09-05 14:31:38.585  INFO 10912 --- [    Test worker] s.w.s.m.m.a.RequestMappingHandlerMapping : Mapped "{[/error],produces=[text/html]}" onto public org.springframework.web.servlet.ModelAndView org.springframework.boot.autoconfigure.web.BasicErrorController.errorHtml(javax.servlet.http.HttpServletRequest,javax.servlet.http.HttpServletResponse)
2016-09-05 14:31:38.625  INFO 10912 --- [    Test worker] o.s.w.s.handler.SimpleUrlHandlerMapping  : Mapped URL path [/webjars/**] onto handler of type [class org.springframework.web.servlet.resource.ResourceHttpRequestHandler]
2016-09-05 14:31:38.625  INFO 10912 --- [    Test worker] o.s.w.s.handler.SimpleUrlHandlerMapping  : Mapped URL path [/**] onto handler of type [class org.springframework.web.servlet.resource.ResourceHttpRequestHandler]
2016-09-05 14:31:38.645  INFO 10912 --- [    Test worker] .m.m.a.ExceptionHandlerExceptionResolver : Detected @ExceptionHandler methods in globalExceptionHandler
2016-09-05 14:31:38.665  INFO 10912 --- [    Test worker] o.s.w.s.handler.SimpleUrlHandlerMapping  : Mapped URL path [/**/favicon.ico] onto handler of type [class org.springframework.web.servlet.resource.ResourceHttpRequestHandler]
2016-09-05 14:31:38.942  INFO 10912 --- [    Test worker] o.retailmanager.init.BaseTestController  : Started BaseTestController in 3.021 seconds (JVM running for 3.811)
]]></system-out>
  <system-err><![CDATA[]]></system-err>
</testsuite>
